feb-12 17:43:48.150 [main] DEBUG nextflow.cli.Launcher - $> nextflow run guigolab/chip-nf -bg -r v0.2.3 --index chip-nf/pipeline.index.tsv --genome chip-nf/refs/GRCh38.primary_assembly.genome.chr19.fa --genomeSize hs -with-docker
feb-12 17:43:48.258 [main] INFO  nextflow.cli.CmdRun - N E X T F L O W  ~  version 23.10.1
feb-12 17:43:48.297 [main] DEBUG nextflow.plugin.PluginsFacade - Setting up plugin manager > mode=prod; embedded=false; plugins-dir=/Users/andreab/.nextflow/plugins; core-plugins: nf-amazon@2.1.4,nf-azure@1.3.3,nf-cloudcache@0.3.0,nf-codecommit@0.1.5,nf-console@1.0.6,nf-ga4gh@1.1.0,nf-google@1.8.3,nf-tower@1.6.3,nf-wave@1.0.1
feb-12 17:43:48.315 [main] INFO  o.pf4j.DefaultPluginStatusProvider - Enabled plugins: []
feb-12 17:43:48.317 [main] INFO  o.pf4j.DefaultPluginStatusProvider - Disabled plugins: []
feb-12 17:43:48.334 [main] INFO  org.pf4j.DefaultPluginManager - PF4J version 3.4.1 in 'deployment' mode
feb-12 17:43:48.347 [main] INFO  org.pf4j.AbstractPluginManager - No plugins
feb-12 17:43:48.378 [main] DEBUG nextflow.scm.ProviderConfig - Using SCM config path: /Users/andreab/.nextflow/scm
feb-12 17:43:48.420 [main] DEBUG nextflow.scm.RepositoryFactory - Found Git repository result: [RepositoryFactory]
feb-12 17:43:48.431 [main] INFO  nextflow.cli.CmdRun - Pulling guigolab/chip-nf ...
feb-12 17:43:48.432 [main] DEBUG nextflow.scm.RepositoryProvider - Request [credentials -:-] -> https://api.github.com/repos/guigolab/chip-nf/contents/nextflow.config?ref=v0.2.3
feb-12 17:43:51.036 [main] DEBUG nextflow.scm.RepositoryProvider - Request [credentials -:-] -> https://api.github.com/repos/guigolab/chip-nf/contents/chipseq-pipeline.nf?ref=v0.2.3
feb-12 17:43:51.289 [main] DEBUG nextflow.scm.RepositoryProvider - Request [credentials -:-] -> https://api.github.com/repos/guigolab/chip-nf
feb-12 17:43:51.493 [main] DEBUG nextflow.scm.AssetManager - Pulling guigolab/chip-nf -- Using remote clone url: https://github.com/guigolab/chip-nf.git
feb-12 17:43:56.117 [main] INFO  nextflow.cli.CmdRun -  downloaded from https://github.com/guigolab/chip-nf.git
feb-12 17:43:56.177 [main] DEBUG nextflow.config.ConfigBuilder - Found config base: /Users/andreab/.nextflow/assets/guigolab/chip-nf/nextflow.config
feb-12 17:43:56.179 [main] DEBUG nextflow.config.ConfigBuilder - Parsing config file: /Users/andreab/.nextflow/assets/guigolab/chip-nf/nextflow.config
feb-12 17:43:56.196 [main] DEBUG nextflow.config.ConfigBuilder - Applying config profile: `standard`
feb-12 17:43:56.301 [main] DEBUG nextflow.config.ConfigBuilder - Enabling execution in Docker container as requested by command-line option `-with-docker -`
feb-12 17:43:56.315 [main] DEBUG nextflow.cli.CmdRun - Applied DSL=1 by probing script field
feb-12 17:43:56.325 [main] DEBUG nextflow.cli.Launcher - Operation aborted
nextflow.exception.AbortOperationException: Nextflow DSL1 is no longer supported — Update your script to DSL2, or use Nextflow 22.10.x or earlier
	at nextflow.NextflowMeta.enableDsl(NextflowMeta.groovy:152)
	at nextflow.cli.CmdRun.launchInfo(CmdRun.groovy:396)
	at nextflow.cli.CmdRun.run(CmdRun.groovy:327)
	at nextflow.cli.Launcher.run(Launcher.groovy:500)
	at nextflow.cli.Launcher.main(Launcher.groovy:672)
